This is pdfTeX, Version 3.141592653-2.6-1.40.25 (TeX Live 2023/Debian) (preloaded format=pdflatex 2026.3.20)  22 JUN 2026 09:29
entering extended mode
 restricted \write18 enabled.
 %&-line parsing enabled.
**/home/lcoccato/data/eso-pipelines/edps-doc/edps-tex/fors_pmos/instrument_tuto
rial/../instrument_tutorial/instrument_tutorial

(/home/lcoccato/data/eso-pipelines/edps-doc/edps-tex/fors_pmos/instrument_tutor
ial/../instrument_tutorial/instrument_tutorial.tex
LaTeX2e <2023-11-01> patch level 1
L3 programming layer <2024-01-22>
(/usr/share/texlive/texmf-dist/tex/latex/base/article.cls
Document Class: article 2023/05/17 v1.4n Standard LaTeX document class
(/usr/share/texlive/texmf-dist/tex/latex/base/size11.clo
File: size11.clo 2023/05/17 v1.4n Standard LaTeX file (size option)
)
\c@part=\count187
\c@section=\count188
\c@subsection=\count189
\c@subsubsection=\count190
\c@paragraph=\count191
\c@subparagraph=\count192
\c@figure=\count193
\c@table=\count194
\abovecaptionskip=\skip48
\belowcaptionskip=\skip49
\bibindent=\dimen140
)
(/usr/share/texlive/texmf-dist/tex/latex/graphics/graphicx.sty
Package: graphicx 2021/09/16 v1.2d Enhanced LaTeX Graphics (DPC,SPQR)

(/usr/share/texlive/texmf-dist/tex/latex/graphics/keyval.sty
Package: keyval 2022/05/29 v1.15 key=value parser (DPC)
\KV@toks@=\toks17
)
(/usr/share/texlive/texmf-dist/tex/latex/graphics/graphics.sty
Package: graphics 2022/03/10 v1.4e Standard LaTeX Graphics (DPC,SPQR)

(/usr/share/texlive/texmf-dist/tex/latex/graphics/trig.sty
Package: trig 2021/08/11 v1.11 sin cos tan (DPC)
)
(/usr/share/texlive/texmf-dist/tex/latex/graphics-cfg/graphics.cfg
File: graphics.cfg 2016/06/04 v1.11 sample graphics configuration
)
Package graphics Info: Driver file: pdftex.def on input line 107.

(/usr/share/texlive/texmf-dist/tex/latex/graphics-def/pdftex.def
File: pdftex.def 2022/09/22 v1.2b Graphics/color driver for pdftex
))
\Gin@req@height=\dimen141
\Gin@req@width=\dimen142
)
(/usr/share/texlive/texmf-dist/tex/latex/picinpar/picinpar.sty
Pictures in Paragraphs. Version 1.3, November 22, 2022
\br=\count195
\bl=\count196
\na=\count197
\nb=\count198
\tcdsav=\count199
\tcl=\count266
\tcd=\count267
\tcn=\count268
\cumtcl=\count269
\cumpartcl=\count270
\lftside=\dimen143
\rtside=\dimen144
\hpic=\dimen145
\vpic=\dimen146
\strutilg=\dimen147
\picwd=\dimen148
\topheight=\dimen149
\ilg=\dimen150
\lpic=\dimen151
\lwindowsep=\dimen152
\rwindowsep=\dimen153
\cumpar=\dimen154
\twa=\toks18
\la=\toks19
\ra=\toks20
\ha=\toks21
\pictoc=\toks22
\rawtext=\box51
\holder=\box52
\windowbox=\box53
\wartext=\box54
\finaltext=\box55
\aslice=\box56
\bslice=\box57
\wbox=\box58
\wstrutbox=\box59
\picbox=\box60
\waslice=\box61
\wbslice=\box62
\fslice=\box63
) (/usr/share/texlive/texmf-dist/tex/latex/float/float.sty
Package: float 2001/11/08 v1.3d Float enhancements (AL)
\c@float@type=\count271
\float@exts=\toks23
\float@box=\box64
\@float@everytoks=\toks24
\@floatcapt=\box65
)
(/usr/share/texlive/texmf-dist/tex/latex/tools/varioref.sty
Package: varioref 2022/01/09 v1.6f package for extended references (FMi)
\c@vrcnt=\count272
)
(/usr/share/texlive/texmf-dist/tex/latex/natbib/natbib.sty
Package: natbib 2010/09/13 8.31b (PWD, AO)
\bibhang=\skip50
\bibsep=\skip51
LaTeX Info: Redefining \cite on input line 694.
\c@NAT@ctr=\count273
)
(/usr/share/texlive/texmf-dist/tex/latex/tools/afterpage.sty
Package: afterpage 2023/07/04 v1.08 After-Page Package (DPC)
\AP@output=\toks25
\AP@partial=\box66
\AP@footins=\box67
)
(/usr/share/texlive/texmf-dist/tex/latex/enumitem/enumitem.sty
Package: enumitem 2019/06/20 v3.9 Customized lists
\labelindent=\skip52
\enit@outerparindent=\dimen155
\enit@toks=\toks26
\enit@inbox=\box68
\enit@count@id=\count274
\enitdp@description=\count275
)
(/usr/share/texlive/texmf-dist/tex/latex/graphics/color.sty
Package: color 2022/01/06 v1.3d Standard LaTeX Color (DPC)

(/usr/share/texlive/texmf-dist/tex/latex/graphics-cfg/color.cfg
File: color.cfg 2016/01/02 v1.6 sample color configuration
)
Package color Info: Driver file: pdftex.def on input line 149.

(/usr/share/texlive/texmf-dist/tex/latex/graphics/dvipsnam.def
File: dvipsnam.def 2016/06/17 v3.0m Driver-dependent file (DPC,SPQR)
)
(/usr/share/texlive/texmf-dist/tex/latex/graphics/mathcolor.ltx))
(/usr/share/texlive/texmf-dist/tex/latex/hyperref/hyperref.sty
Package: hyperref 2024-01-20 v7.01h Hypertext links for LaTeX

(/usr/share/texlive/texmf-dist/tex/generic/iftex/iftex.sty
Package: iftex 2022/02/03 v1.0f TeX engine tests
)
(/usr/share/texlive/texmf-dist/tex/latex/kvsetkeys/kvsetkeys.sty
Package: kvsetkeys 2022-10-05 v1.19 Key value parser (HO)
)
(/usr/share/texlive/texmf-dist/tex/generic/kvdefinekeys/kvdefinekeys.sty
Package: kvdefinekeys 2019-12-19 v1.6 Define keys (HO)
)
(/usr/share/texlive/texmf-dist/tex/generic/pdfescape/pdfescape.sty
Package: pdfescape 2019/12/09 v1.15 Implements pdfTeX's escape features (HO)

(/usr/share/texlive/texmf-dist/tex/generic/ltxcmds/ltxcmds.sty
Package: ltxcmds 2023-12-04 v1.26 LaTeX kernel commands for general use (HO)
)
(/usr/share/texlive/texmf-dist/tex/generic/pdftexcmds/pdftexcmds.sty
Package: pdftexcmds 2020-06-27 v0.33 Utility functions of pdfTeX for LuaTeX (HO
)

(/usr/share/texlive/texmf-dist/tex/generic/infwarerr/infwarerr.sty
Package: infwarerr 2019/12/03 v1.5 Providing info/warning/error messages (HO)
)
Package pdftexcmds Info: \pdf@primitive is available.
Package pdftexcmds Info: \pdf@ifprimitive is available.
Package pdftexcmds Info: \pdfdraftmode found.
))
(/usr/share/texlive/texmf-dist/tex/latex/hycolor/hycolor.sty
Package: hycolor 2020-01-27 v1.10 Color options for hyperref/bookmark (HO)
)
(/usr/share/texlive/texmf-dist/tex/latex/auxhook/auxhook.sty
Package: auxhook 2019-12-17 v1.6 Hooks for auxiliary files (HO)
)
(/usr/share/texlive/texmf-dist/tex/latex/hyperref/nameref.sty
Package: nameref 2023-11-26 v2.56 Cross-referencing by name of section

(/usr/share/texlive/texmf-dist/tex/latex/refcount/refcount.sty
Package: refcount 2019/12/15 v3.6 Data extraction from label references (HO)
)
(/usr/share/texlive/texmf-dist/tex/generic/gettitlestring/gettitlestring.sty
Package: gettitlestring 2019/12/15 v1.6 Cleanup title references (HO)

(/usr/share/texlive/texmf-dist/tex/latex/kvoptions/kvoptions.sty
Package: kvoptions 2022-06-15 v3.15 Key value format for package options (HO)
))
\c@section@level=\count276
)
(/usr/share/texlive/texmf-dist/tex/latex/etoolbox/etoolbox.sty
Package: etoolbox 2020/10/05 v2.5k e-TeX tools for LaTeX (JAW)
\etb@tempcnta=\count277
)
\@linkdim=\dimen156
\Hy@linkcounter=\count278
\Hy@pagecounter=\count279

(/usr/share/texlive/texmf-dist/tex/latex/hyperref/pd1enc.def
File: pd1enc.def 2024-01-20 v7.01h Hyperref: PDFDocEncoding definition (HO)
Now handling font encoding PD1 ...
... no UTF-8 mapping file for font encoding PD1
)
(/usr/share/texlive/texmf-dist/tex/generic/intcalc/intcalc.sty
Package: intcalc 2019/12/15 v1.3 Expandable calculations with integers (HO)
)
\Hy@SavedSpaceFactor=\count280

(/usr/share/texlive/texmf-dist/tex/latex/hyperref/puenc.def
File: puenc.def 2024-01-20 v7.01h Hyperref: PDF Unicode definition (HO)
Now handling font encoding PU ...
... no UTF-8 mapping file for font encoding PU
)
Package hyperref Info: Option `colorlinks' set `true' on input line 4062.
Package hyperref Info: Option `plainpages' set `false' on input line 4062.
Package hyperref Info: Option `pdfpagelabels' set `true' on input line 4062.
Package hyperref Info: Option `linktocpage' set `true' on input line 4062.
Package hyperref Info: Hyper figures OFF on input line 4179.
Package hyperref Info: Link nesting OFF on input line 4184.
Package hyperref Info: Hyper index ON on input line 4187.
Package hyperref Info: Plain pages OFF on input line 4194.
Package hyperref Info: Backreferencing ON on input line 4197.
Package hyperref Info: Implicit mode ON; LaTeX internals redefined.
Package hyperref Info: Bookmarks ON on input line 4446.

(/usr/share/texlive/texmf-dist/tex/latex/hyperref/backref.sty
Package: backref 2023-11-26 v1.44 Bibliographical back referencing

(/usr/share/texlive/texmf-dist/tex/latex/rerunfilecheck/rerunfilecheck.sty
Package: rerunfilecheck 2022-07-10 v1.10 Rerun checks for auxiliary files (HO)

(/usr/share/texlive/texmf-dist/tex/latex/base/atveryend-ltx.sty
Package: atveryend-ltx 2020/08/19 v1.0a Emulation of the original atveryend pac
kage
with kernel methods
)
(/usr/share/texlive/texmf-dist/tex/generic/uniquecounter/uniquecounter.sty
Package: uniquecounter 2019/12/15 v1.4 Provide unlimited unique counter (HO)

(/usr/share/texlive/texmf-dist/tex/generic/bigintcalc/bigintcalc.sty
Package: bigintcalc 2019/12/15 v1.5 Expandable calculations on big integers (HO
)
))
Package uniquecounter Info: New unique counter `rerunfilecheck' on input line 2
85.
))
\c@Hy@tempcnt=\count281

(/usr/share/texlive/texmf-dist/tex/latex/url/url.sty
\Urlmuskip=\muskip16
Package: url 2013/09/16  ver 3.4  Verb mode for urls, etc.
)
LaTeX Info: Redefining \url on input line 4784.
\XeTeXLinkMargin=\dimen157

(/usr/share/texlive/texmf-dist/tex/generic/bitset/bitset.sty
Package: bitset 2019/12/09 v1.3 Handle bit-vector datatype (HO)
)
\Fld@menulength=\count282
\Field@Width=\dimen158
\Fld@charsize=\dimen159
Package hyperref Info: Hyper figures OFF on input line 6063.
Package hyperref Info: Link nesting OFF on input line 6068.
Package hyperref Info: Hyper index ON on input line 6071.
Package hyperref Info: backreferencing ON on input line 6076.
Package hyperref Info: Link coloring ON on input line 6081.
Package hyperref Info: Link coloring with OCG OFF on input line 6088.
Package hyperref Info: PDF/A mode OFF on input line 6093.

(/usr/share/texlive/texmf-dist/tex/latex/base/atbegshi-ltx.sty
Package: atbegshi-ltx 2021/01/10 v1.0c Emulation of the original atbegshi
package with kernel methods
)
\Hy@abspage=\count283
\c@Item=\count284
\c@Hfootnote=\count285
)
Package hyperref Info: Driver: hpdftex.

(/usr/share/texlive/texmf-dist/tex/latex/hyperref/hpdftex.def
File: hpdftex.def 2024-01-20 v7.01h Hyperref driver for pdfTeX
\Fld@listcount=\count286
\c@bookmark@seq@number=\count287
\Hy@SectionHShift=\skip53
)

Package hyperref Warning: Values of option `pdfpagemode':
(hyperref)                * `UseNone'
(hyperref)                * `UseOutlines'
(hyperref)                * `UseThumbs'
(hyperref)                * `FullScreen'
(hyperref)                * `UseOC' (PDF 1.5)
(hyperref)                * `UseAttachments' (PDF 1.6)
(hyperref)                * An empty value disables the option.
(hyperref)                Unknown value `None' on input line 39.

(../layout.tex (/usr/share/texlive/texmf-dist/tex/generic/babel/babel.sty
Package: babel 2024/01/07 v24.1 The Babel package
\babel@savecnt=\count288
\U@D=\dimen160
\l@unhyphenated=\language89

(/usr/share/texlive/texmf-dist/tex/generic/babel/txtbabel.def)
\bbl@readstream=\read2
\bbl@dirlevel=\count289

(/usr/share/texlive/texmf-dist/tex/generic/babel-english/english.ldf
Language: english 2017/06/06 v3.3r English support from the babel system
Package babel Info: Hyphen rules for 'canadian' set to \l@english
(babel)             (\language0). Reported on input line 102.
Package babel Info: Hyphen rules for 'australian' set to \l@ukenglish
(babel)             (\language83). Reported on input line 105.
Package babel Info: Hyphen rules for 'newzealand' set to \l@ukenglish
(babel)             (\language83). Reported on input line 108.
))
(/usr/share/texlive/texmf-dist/tex/generic/babel/locale/en/babel-english.tex
Package babel Info: Importing font and identification data for english
(babel)             from babel-en.ini. Reported on input line 11.
)
(/usr/share/texlive/texmf-dist/tex/latex/lastpage/lastpage.sty
Package: lastpage 2023/10/14 v2.0e lastpage: 2.09 or 2e? (HMM)

(/usr/share/texlive/texmf-dist/tex/latex/lastpage/lastpage2e.sty
Package: lastpage2e 2023/10/14 v2.0e Decide which 2e lastpage version to use (H
MM)

(/usr/share/texlive/texmf-dist/tex/latex/lastpage/lastpagemodern.sty
Package: lastpagemodern 2023-10-14 v2.0e Refers to last page's name (HMM; JPG)
\c@lastpagecount=\count290
) 
)) (/usr/share/texlive/texmf-dist/tex/latex/multirow/multirow.sty
Package: multirow 2021/03/15 v2.8 Span multiple rows of a table
\multirow@colwidth=\skip54
\multirow@cntb=\count291
\multirow@dima=\skip55
\bigstrutjot=\dimen161
)
(/usr/share/texlive/texmf-dist/tex/latex/tools/longtable.sty
Package: longtable 2023-11-01 v4.19 Multi-page Table package (DPC)
\LTleft=\skip56
\LTright=\skip57
\LTpre=\skip58
\LTpost=\skip59
\LTchunksize=\count292
\LTcapwidth=\dimen162
\LT@head=\box69
\LT@firsthead=\box70
\LT@foot=\box71
\LT@lastfoot=\box72
\LT@gbox=\box73
\LT@cols=\count293
\LT@rows=\count294
\c@LT@tables=\count295
\c@LT@chunks=\count296
\LT@p@ftn=\toks27
)
(/usr/share/texlive/texmf-dist/tex/latex/supertabular/supertabular.sty
Package: supertabular 2020/02/02 v4.1g the supertabular environment
\c@tracingst=\count297
\ST@wd=\dimen163
\ST@rightskip=\skip60
\ST@leftskip=\skip61
\ST@parfillskip=\skip62
\ST@pageleft=\dimen164
\ST@headht=\dimen165
\ST@tailht=\dimen166
\ST@pagesofar=\dimen167
\ST@pboxht=\dimen168
\ST@lineht=\dimen169
\ST@prevht=\dimen170
\ST@toadd=\dimen171
\ST@dimen=\dimen172
\ST@pbox=\box74
)
(/usr/share/texlive/texmf-dist/tex/latex/fancyhdr/fancyhdr.sty
Package: fancyhdr 2022/11/09 v4.1 Extensive control of page headers and footers

\f@nch@headwidth=\skip63
\f@nch@O@elh=\skip64
\f@nch@O@erh=\skip65
\f@nch@O@olh=\skip66
\f@nch@O@orh=\skip67
\f@nch@O@elf=\skip68
\f@nch@O@erf=\skip69
\f@nch@O@olf=\skip70
\f@nch@O@orf=\skip71
)
(/usr/share/texlive/texmf-dist/tex/latex/psnfss/times.sty
Package: times 2020/03/25 PSNFSS-v9.3 (SPQR) 
)
(/usr/share/texlive/texmf-dist/tex/latex/tools/verbatim.sty
Package: verbatim 2023-11-06 v1.5v LaTeX2e package for verbatim enhancements
\every@verbatim=\toks28
\verbatim@line=\toks29
\verbatim@in@stream=\read3
) (./dmd-doc.sty
(/usr/share/texlive/texmf-dist/tex/latex/graphics/epsfig.sty
Package: epsfig 2017/06/25 v1.7b (e)psfig emulation (SPQR)
\epsfxsize=\dimen173
\epsfysize=\dimen174
)
\LogoWidth=\skip72
\LogoHeight=\skip73
\VLTheadWidth=\skip74
\c@subtable=\count298
\c@subfigure=\count299
\c@docref=\count300
))
(../shortcut.tex
Package color Info: Redefining color red on input line 50.
Package color Info: Redefining color green on input line 51.
)
\@indexfile=\write3
\openout3 = `instrument_tutorial.idx'.


Writing index file instrument_tutorial.idx
LaTeX Font Info:    Trying to load font information for T1+ptm on input line 74
.
(/usr/share/texlive/texmf-dist/tex/latex/psnfss/t1ptm.fd
File: t1ptm.fd 2001/06/04 font definitions for T1/ptm.
)
(/usr/share/texlive/texmf-dist/tex/latex/l3backend/l3backend-pdftex.def
File: l3backend-pdftex.def 2024-01-04 L3 backend support: PDF output (pdfTeX)
\l__color_backend_stack_int=\count301
\l__pdf_internal_box=\box75
)
(./instrument_tutorial.aux)
\openout1 = `instrument_tutorial.aux'.

LaTeX Font Info:    Checking defaults for OML/cmm/m/it on input line 74.
LaTeX Font Info:    ... okay on input line 74.
LaTeX Font Info:    Checking defaults for OMS/cmsy/m/n on input line 74.
LaTeX Font Info:    ... okay on input line 74.
LaTeX Font Info:    Checking defaults for OT1/cmr/m/n on input line 74.
LaTeX Font Info:    ... okay on input line 74.
LaTeX Font Info:    Checking defaults for T1/cmr/m/n on input line 74.
LaTeX Font Info:    ... okay on input line 74.
LaTeX Font Info:    Checking defaults for TS1/cmr/m/n on input line 74.
LaTeX Font Info:    ... okay on input line 74.
LaTeX Font Info:    Checking defaults for OMX/cmex/m/n on input line 74.
LaTeX Font Info:    ... okay on input line 74.
LaTeX Font Info:    Checking defaults for U/cmr/m/n on input line 74.
LaTeX Font Info:    ... okay on input line 74.
LaTeX Font Info:    Checking defaults for PD1/pdf/m/n on input line 74.
LaTeX Font Info:    ... okay on input line 74.
LaTeX Font Info:    Checking defaults for PU/pdf/m/n on input line 74.
LaTeX Font Info:    ... okay on input line 74.

(/usr/share/texlive/texmf-dist/tex/context/base/mkii/supp-pdf.mkii
[Loading MPS to PDF converter (version 2006.09.02).]
\scratchcounter=\count302
\scratchdimen=\dimen175
\scratchbox=\box76
\nofMPsegments=\count303
\nofMParguments=\count304
\everyMPshowfont=\toks30
\MPscratchCnt=\count305
\MPscratchDim=\dimen176
\MPnumerator=\count306
\makeMPintoPDFobject=\count307
\everyMPtoPDFconversion=\toks31
) (/usr/share/texlive/texmf-dist/tex/latex/epstopdf-pkg/epstopdf-base.sty
Package: epstopdf-base 2020-01-24 v2.11 Base part for package epstopdf
Package epstopdf-base Info: Redefining graphics rule for `.eps' on input line 4
85.

(/usr/share/texlive/texmf-dist/tex/latex/latexconfig/epstopdf-sys.cfg
File: epstopdf-sys.cfg 2010/07/13 v1.3 Configuration of (r)epstopdf for TeX Liv
e
))
Package backref Info: ** backref set up for natbib ** on input line 74.
Package hyperref Info: Link coloring ON on input line 74.

(./instrument_tutorial.out) (./instrument_tutorial.out)
\@outlinefile=\write4
\openout4 = `instrument_tutorial.out'.

<eso-logo.png, id=108, 79.29625pt x 99.37125pt>
File: eso-logo.png Graphic file (type png)
<use eso-logo.png>
Package pdftex.def Info: eso-logo.png  used on input line 76.
(pdftex.def)             Requested size: 51.21645pt x 64.02042pt.
LaTeX Font Info:    External font `cmex10' loaded for size
(Font)              <10.95> on input line 76.
LaTeX Font Info:    External font `cmex10' loaded for size
(Font)              <8> on input line 76.
LaTeX Font Info:    External font `cmex10' loaded for size
(Font)              <6> on input line 76.
LaTeX Font Info:    Trying to load font information for T1+pcr on input line 76
.

(/usr/share/texlive/texmf-dist/tex/latex/psnfss/t1pcr.fd
File: t1pcr.fd 2001/06/04 font definitions for T1/pcr.
) [1

{/var/lib/texmf/fonts/map/pdftex/updmap/pdftex.map}{/usr/share/texlive/texmf-di
st/fonts/enc/dvips/base/8r.enc} <./eso-logo.png (PNG copy)>] [2] [3

] [4]
(./instrument_tutorial.toc)
\tf@toc=\write5
\openout5 = `instrument_tutorial.toc'.

 [5


] [6

] (./intro.tex (../common/common_intro.tex
LaTeX Font Info:    Trying to load font information for TS1+ptm on input line 1
8.

(/usr/share/texlive/texmf-dist/tex/latex/psnfss/ts1ptm.fd
File: ts1ptm.fd 2001/06/04 font definitions for TS1/ptm.
))
(../common/what_is_edps.tex) (../common/main_concepts.tex [7

])
(../common/installation.tex [8])) (./reducing_demo_data.tex [9]
(../common/common_reducing_demo_data.tex
<../common/figures/dashboard.jpg, id=194, 631.09013pt x 184.51915pt>
File: ../common/figures/dashboard.jpg Graphic file (type jpg)
<use ../common/figures/dashboard.jpg>
Package pdftex.def Info: ../common/figures/dashboard.jpg  used on input line 25
.
(pdftex.def)             Requested size: 437.88509pt x 128.03348pt.
<../common/figures/help_settings.jpg, id=196, 623.45598pt x 103.0232pt>
File: ../common/figures/help_settings.jpg Graphic file (type jpg)
<use ../common/figures/help_settings.jpg>
Package pdftex.def Info: ../common/figures/help_settings.jpg  used on input lin
e 34.
(pdftex.def)             Requested size: 437.88509pt x 72.35939pt.
<../common/figures/start_edps.jpg, id=197, 631.09013pt x 184.51915pt>
File: ../common/figures/start_edps.jpg Graphic file (type jpg)
<use ../common/figures/start_edps.jpg>
Package pdftex.def Info: ../common/figures/start_edps.jpg  used on input line 4
3.
(pdftex.def)             Requested size: 437.88509pt x 128.03348pt.


LaTeX Warning: `!h' float specifier changed to `!ht'.

<../instrument_tutorial/figures/select_workflow.jpg, id=199, 1030.85126pt x 903
.375pt>
File: ../instrument_tutorial/figures/select_workflow.jpg Graphic file (type jpg
)
<use ../instrument_tutorial/figures/select_workflow.jpg>
Package pdftex.def Info: ../instrument_tutorial/figures/select_workflow.jpg  us
ed on input line 57.
(pdftex.def)             Requested size: 437.88509pt x 383.72943pt.

LaTeX Warning: `!h' float specifier changed to `!ht'.

<../instrument_tutorial/figures/raw_data.jpg, id=201, 2154.0475pt x 272.01625pt
>
File: ../instrument_tutorial/figures/raw_data.jpg Graphic file (type jpg)
<use ../instrument_tutorial/figures/raw_data.jpg>
Package pdftex.def Info: ../instrument_tutorial/figures/raw_data.jpg  used on i
nput line 72.
(pdftex.def)             Requested size: 437.88509pt x 55.29466pt.
[10

 <../common/figures/dashboard.jpg> <../common/figures/help_settings.jpg>]
Underfull \vbox (badness 10000) has occurred while \output is active []

 [11 <../common/figures/start_edps.jpg> <../instrument_tutorial/figures/select_
workflow.jpg>]
<../instrument_tutorial/figures/select_input.jpg, id=222, 2186.1675pt x 555.073
75pt>
File: ../instrument_tutorial/figures/select_input.jpg Graphic file (type jpg)
<use ../instrument_tutorial/figures/select_input.jpg>
Package pdftex.def Info: ../instrument_tutorial/figures/select_input.jpg  used 
on input line 82.
(pdftex.def)             Requested size: 437.88509pt x 111.17369pt.


LaTeX Warning: Reference `sec:configuretion_overview' on page 12 undefined on i
nput line 88.

<../instrument_tutorial/figures/create_datasets.jpg, id=224, 3304.345pt x 703.6
2875pt>
File: ../instrument_tutorial/figures/create_datasets.jpg Graphic file (type jpg
)
<use ../instrument_tutorial/figures/create_datasets.jpg>
Package pdftex.def Info: ../instrument_tutorial/figures/create_datasets.jpg  us
ed on input line 97.
(pdftex.def)             Requested size: 437.88509pt x 93.23573pt.
<../instrument_tutorial/figures/send.jpg, id=226, 3056.41875pt x 767.86874pt>
File: ../instrument_tutorial/figures/send.jpg Graphic file (type jpg)
<use ../instrument_tutorial/figures/send.jpg>
Package pdftex.def Info: ../instrument_tutorial/figures/send.jpg  used on input
 line 105.
(pdftex.def)             Requested size: 437.88509pt x 110.00827pt.

LaTeX Warning: `!h' float specifier changed to `!ht'.

<../instrument_tutorial/figures/processing_queue.jpg, id=228, 2210.2575pt x 363
.3575pt>
File: ../instrument_tutorial/figures/processing_queue.jpg Graphic file (type jp
g)
<use ../instrument_tutorial/figures/processing_queue.jpg>
Package pdftex.def Info: ../instrument_tutorial/figures/processing_queue.jpg  u
sed on input line 123.
(pdftex.def)             Requested size: 437.88509pt x 71.9827pt.
[12 <../instrument_tutorial/figures/raw_data.jpg> <../instrument_tutorial/figur
es/select_input.jpg> <../instrument_tutorial/figures/create_datasets.jpg>]
<../common/figures/configure_dataset.jpg, id=243, 21.88458pt x 21.52724pt>
File: ../common/figures/configure_dataset.jpg Graphic file (type jpg)
<use ../common/figures/configure_dataset.jpg>
Package pdftex.def Info: ../common/figures/configure_dataset.jpg  used on input
 line 131.
(pdftex.def)             Requested size: 22.76228pt x 22.39204pt.
<../instrument_tutorial/figures/reduce.jpg, id=246, 2608.74625pt x 1131.22626pt
>
File: ../instrument_tutorial/figures/reduce.jpg Graphic file (type jpg)
<use ../instrument_tutorial/figures/reduce.jpg>
Package pdftex.def Info: ../instrument_tutorial/figures/reduce.jpg  used on inp
ut line 141.
(pdftex.def)             Requested size: 437.88509pt x 189.8721pt.


LaTeX Warning: `!h' float specifier changed to `!ht'.

) (../common/quality_plots.tex [13 <../instrument_tutorial/figures/send.jpg> <.
./instrument_tutorial/figures/processing_queue.jpg> <../common/figures/configur
e_dataset.jpg>]
<../instrument_tutorial/figures/show_reports.jpg, id=259, 2502.34875pt x 1371.1
225pt>
File: ../instrument_tutorial/figures/show_reports.jpg Graphic file (type jpg)
<use ../instrument_tutorial/figures/show_reports.jpg>
Package pdftex.def Info: ../instrument_tutorial/figures/show_reports.jpg  used 
on input line 15.
(pdftex.def)             Requested size: 437.88509pt x 239.92911pt.
) (../common/common_export.tex
Underfull \vbox (badness 2582) has occurred while \output is active []

 [14 <../instrument_tutorial/figures/reduce.jpg> <../instrument_tutorial/figure
s/show_reports.jpg>]
<../instrument_tutorial/figures/archive.jpg, id=266, 2388.925pt x 1123.19624pt>

File: ../instrument_tutorial/figures/archive.jpg Graphic file (type jpg)
<use ../instrument_tutorial/figures/archive.jpg>
Package pdftex.def Info: ../instrument_tutorial/figures/archive.jpg  used on in
put line 17.
(pdftex.def)             Requested size: 389.23532pt x 183.00568pt.
<../instrument_tutorial/figures/export1.jpg, id=267, 2292.565pt x 1239.63126pt>

File: ../instrument_tutorial/figures/export1.jpg Graphic file (type jpg)
<use ../instrument_tutorial/figures/export1.jpg>
Package pdftex.def Info: ../instrument_tutorial/figures/export1.jpg  used on in
put line 31.
(pdftex.def)             Requested size: 389.23532pt x 210.45079pt.


LaTeX Warning: `!h' float specifier changed to `!ht'.

<../instrument_tutorial/figures/export2.jpg, id=268, 1157.32375pt x 968.61874pt
>
File: ../instrument_tutorial/figures/export2.jpg Graphic file (type jpg)
<use ../instrument_tutorial/figures/export2.jpg>
Package pdftex.def Info: ../instrument_tutorial/figures/export2.jpg  used on in
put line 39.
(pdftex.def)             Requested size: 340.57811pt x 285.0454pt.

LaTeX Warning: `!h' float specifier changed to `!ht'.

)) (./reduction_chain.tex [15 <../instrument_tutorial/figures/archive.jpg>]

LaTeX Warning: Text page 16 contains only floats.


Overfull \vbox (2.70604pt too high) has occurred while \output is active []


[16 <../instrument_tutorial/figures/export1.jpg> <../instrument_tutorial/figure
s/export2.jpg>]
<../instrument_tutorial/figures/fors_pmos_data.jpg, id=286, 1059.96pt x 929.472
5pt>
File: ../instrument_tutorial/figures/fors_pmos_data.jpg Graphic file (type jpg)

<use ../instrument_tutorial/figures/fors_pmos_data.jpg>
Package pdftex.def Info: ../instrument_tutorial/figures/fors_pmos_data.jpg  use
d on input line 10.
(pdftex.def)             Requested size: 437.88509pt x 383.97945pt.
 (../common/common_reduction_flow.tex
<../instrument_tutorial/figures/reduction_cascade.jpg, id=288, 2064.71375pt x 1
776.6375pt>
File: ../instrument_tutorial/figures/reduction_cascade.jpg Graphic file (type j
pg)
<use ../instrument_tutorial/figures/reduction_cascade.jpg>
Package pdftex.def Info: ../instrument_tutorial/figures/reduction_cascade.jpg  
used on input line 8.
(pdftex.def)             Requested size: 437.88509pt x 376.79175pt.


LaTeX Warning: `!h' float specifier changed to `!ht'.

[17

 <../instrument_tutorial/figures/fors_pmos_data.jpg>]
File: ../common/figures/configure_dataset.jpg Graphic file (type jpg)
<use ../common/figures/configure_dataset.jpg>
Package pdftex.def Info: ../common/figures/configure_dataset.jpg  used on input
 line 37.
(pdftex.def)             Requested size: 22.76228pt x 22.39204pt.
) [18 <../instrument_tutorial/figures/reduction_cascade.jpg>]
<../instrument_tutorial/figures/master_bias.jpg, id=304, 1194.4625pt x 1205.503
75pt>
File: ../instrument_tutorial/figures/master_bias.jpg Graphic file (type jpg)
<use ../instrument_tutorial/figures/master_bias.jpg>
Package pdftex.def Info: ../instrument_tutorial/figures/master_bias.jpg  used o
n input line 37.
(pdftex.def)             Requested size: 437.88509pt x 441.92744pt.


LaTeX Warning: `!h' float specifier changed to `!ht'.

[19] [20 <../instrument_tutorial/figures/master_bias.jpg>]
Overfull \hbox (9.19182pt too wide) in paragraph at lines 83--86
\T1/ptm/m/n/10.95 flat field com-bi-na-tion and nor-mal-iza-tion. Fig-ure [][]1
8[][] shows how to ex-am-ine var-i-ous prod-ucts of the fors_pmos_calib
 []

<../instrument_tutorial/figures/master_flat_pmos_1.jpg, id=318, 1718.42pt x 128
1.78876pt>
File: ../instrument_tutorial/figures/master_flat_pmos_1.jpg Graphic file (type 
jpg)
<use ../instrument_tutorial/figures/master_flat_pmos_1.jpg>
Package pdftex.def Info: ../instrument_tutorial/figures/master_flat_pmos_1.jpg 
 used on input line 89.
(pdftex.def)             Requested size: 437.88509pt x 326.60733pt.

LaTeX Warning: `!h' float specifier changed to `!ht'.

<../instrument_tutorial/figures/master_flat_pmos_2.jpg, id=319, 1188.44pt x 126
0.71pt>
File: ../instrument_tutorial/figures/master_flat_pmos_2.jpg Graphic file (type 
jpg)
<use ../instrument_tutorial/figures/master_flat_pmos_2.jpg>
Package pdftex.def Info: ../instrument_tutorial/figures/master_flat_pmos_2.jpg 
 used on input line 97.
(pdftex.def)             Requested size: 437.88509pt x 464.51248pt.

LaTeX Warning: `!h' float specifier changed to `!ht'.

<../instrument_tutorial/figures/master_flat_pmos_3.jpg, id=322, 1195.46625pt x 
1204.5pt>
File: ../instrument_tutorial/figures/master_flat_pmos_3.jpg Graphic file (type 
jpg)
<use ../instrument_tutorial/figures/master_flat_pmos_3.jpg>
Package pdftex.def Info: ../instrument_tutorial/figures/master_flat_pmos_3.jpg 
 used on input line 109.
(pdftex.def)             Requested size: 437.88509pt x 441.1919pt.

LaTeX Warning: `!h' float specifier changed to `!ht'.


Overfull \hbox (3.18011pt too wide) in paragraph at lines 114--117
[]\T1/ptm/m/n/10.95 The qual-ity of the flat field and de-tec-tion of the slitl
ets can be checked in-spect-ing e.g. the SPA-TIAL_MAP_PMOS
 []

[21] [22 <../instrument_tutorial/figures/master_flat_pmos_1.jpg>] [23 <../instr
ument_tutorial/figures/master_flat_pmos_2.jpg>]
Overfull \hbox (111.97928pt too wide) in paragraph at lines 152--157
\T1/ptm/m/n/10.95 is pro-duced when the ob-ser-va-tion was per-formed us-ing th
e 1/4-wave re-tarder plate. The prod-uct RE-DUCED_ERROR_SCI/STD_I_PMOS
 []

[24 <../instrument_tutorial/figures/master_flat_pmos_3.jpg>]
<../instrument_tutorial/figures/mapped_sci_pmos.jpg, id=350, 1784.6675pt x 951.
555pt>
File: ../instrument_tutorial/figures/mapped_sci_pmos.jpg Graphic file (type jpg
)
<use ../instrument_tutorial/figures/mapped_sci_pmos.jpg>
Package pdftex.def Info: ../instrument_tutorial/figures/mapped_sci_pmos.jpg  us
ed on input line 189.
(pdftex.def)             Requested size: 437.88509pt x 233.4597pt.


LaTeX Warning: `!h' float specifier changed to `!ht'.

[25]
<../instrument_tutorial/figures/interactive_plot_pmos.jpg, id=359, 1995.455pt x
 1345.025pt>
File: ../instrument_tutorial/figures/interactive_plot_pmos.jpg Graphic file (ty
pe jpg)
<use ../instrument_tutorial/figures/interactive_plot_pmos.jpg>
Package pdftex.def Info: ../instrument_tutorial/figures/interactive_plot_pmos.j
pg  used on input line 215.
(pdftex.def)             Requested size: 437.88509pt x 295.14705pt.


LaTeX Warning: `!h' float specifier changed to `!ht'.


Overfull \hbox (45.14063pt too wide) in paragraph at lines 221--222
\T1/ptm/m/n/10.95 RE-DUCED_L_SCI_PMOS val-ues (top left) should be higher than 
the cor-re-spond-ing RE-DUCED_ERROR_L_SCI_PMOS
 []

[26 <../instrument_tutorial/figures/mapped_sci_pmos.jpg>] [27 <../instrument_tu
torial/figures/interactive_plot_pmos.jpg>]) (./configure_reduction.tex [28]
(../common/appropriate_calibrations.tex) (../common/configuration_editor.tex
[29

]
File: ../common/figures/configure_dataset.jpg Graphic file (type jpg)
<use ../common/figures/configure_dataset.jpg>
Package pdftex.def Info: ../common/figures/configure_dataset.jpg  used on input
 line 41.
(pdftex.def)             Requested size: 22.76228pt x 22.39204pt.
<../instrument_tutorial/figures/configuration_editor_0.jpg, id=388, 1845.89626p
t x 811.03pt>
File: ../instrument_tutorial/figures/configuration_editor_0.jpg Graphic file (t
ype jpg)
<use ../instrument_tutorial/figures/configuration_editor_0.jpg>
Package pdftex.def Info: ../instrument_tutorial/figures/configuration_editor_0.
jpg  used on input line 47.
(pdftex.def)             Requested size: 437.88509pt x 192.38649pt.
 (../common/workflow_parameters.tex [30 <../instrument_tutorial/figures/configu
ration_editor_0.jpg>])
<../instrument_tutorial/figures/configuration_editor_1.jpg, id=403, 1802.735pt 
x 303.1325pt>
File: ../instrument_tutorial/figures/configuration_editor_1.jpg Graphic file (t
ype jpg)
<use ../instrument_tutorial/figures/configuration_editor_1.jpg>
Package pdftex.def Info: ../instrument_tutorial/figures/configuration_editor_1.
jpg  used on input line 72.
(pdftex.def)             Requested size: 437.88509pt x 73.62749pt.
<../instrument_tutorial/figures/configuration_editor_2.jpg, id=404, 1797.71625p
t x 411.5375pt>
File: ../instrument_tutorial/figures/configuration_editor_2.jpg Graphic file (t
ype jpg)
<use ../instrument_tutorial/figures/configuration_editor_2.jpg>
Package pdftex.def Info: ../instrument_tutorial/figures/configuration_editor_2.
jpg  used on input line 80.
(pdftex.def)             Requested size: 437.88509pt x 100.24043pt.
<../instrument_tutorial/figures/configuration_editor_3.jpg, id=405, 1812.7725pt
 x 474.77374pt>
File: ../instrument_tutorial/figures/configuration_editor_3.jpg Graphic file (t
ype jpg)
<use ../instrument_tutorial/figures/configuration_editor_3.jpg>
Package pdftex.def Info: ../instrument_tutorial/figures/configuration_editor_3.
jpg  used on input line 88.
(pdftex.def)             Requested size: 437.88509pt x 114.6797pt.


LaTeX Warning: `!h' float specifier changed to `!ht'.

<../instrument_tutorial/figures/configuration_editor_4.jpg, id=406, 1548.78625p
t x 1278.7775pt>
File: ../instrument_tutorial/figures/configuration_editor_4.jpg Graphic file (t
ype jpg)
<use ../instrument_tutorial/figures/configuration_editor_4.jpg>
Package pdftex.def Info: ../instrument_tutorial/figures/configuration_editor_4.
jpg  used on input line 96.
(pdftex.def)             Requested size: 437.88509pt x 361.52849pt.

LaTeX Warning: `!h' float specifier changed to `!ht'.

) (../common/how_to_copy_parameters_to_other_datasets.tex [31 <../instrument_tu
torial/figures/configuration_editor_1.jpg> <../instrument_tutorial/figures/conf
iguration_editor_2.jpg>]

LaTeX Warning: Text page 32 contains only floats.

[32 <../instrument_tutorial/figures/configuration_editor_3.jpg> <../instrument_
tutorial/figures/configuration_editor_4.jpg>])
<../instrument_tutorial/figures/configuration_editor_5.jpg, id=426, 1646.15pt x
 1321.93875pt>
File: ../instrument_tutorial/figures/configuration_editor_5.jpg Graphic file (t
ype jpg)
<use ../instrument_tutorial/figures/configuration_editor_5.jpg>
Package pdftex.def Info: ../instrument_tutorial/figures/configuration_editor_5.
jpg  used on input line 27.
(pdftex.def)             Requested size: 437.88509pt x 351.6434pt.


LaTeX Warning: `!h' float specifier changed to `!ht'.

) (./task_list.tex [33] [34 <../instrument_tutorial/figures/configuration_edito
r_5.jpg>]
LaTeX Font Info:    External font `cmex10' loaded for size
(Font)              <5> on input line 17.
) (./faq.tex [35

] (../common/common_faq.tex
Overfull \hbox (13.8722pt too wide) in paragraph at lines 39--39
 [] \T1/pcr/m/n/10.95 curl -O https://eso.org/sci/software/apptainer/eso_downlo
ad_demodata.sh[] 
 []

[36

]
Overfull \hbox (5.87563pt too wide) in paragraph at lines 84--86
\T1/pcr/m/n/10.95 Homebrew \T1/ptm/m/n/10.95 builds, ex-tracts, and saves tem-p
o-rary files (in-stead of the de-faults \T1/pcr/m/n/10.95 /tmp \T1/ptm/m/n/10.9
5 and \T1/pcr/m/n/10.95 /var/tmp\T1/ptm/m/n/10.95 ).
 []

)) [37] 
enddocument/afterlastpage: lastpage setting LastPage.
(./instrument_tutorial.aux)
 ***********
LaTeX2e <2023-11-01> patch level 1
L3 programming layer <2024-01-22>
 ***********


LaTeX Warning: There were undefined references.

Package rerunfilecheck Info: File `instrument_tutorial.out' has not changed.
(rerunfilecheck)             Checksum: 635B6F74FED5595788D10C1B214E77D2;5815.
 ) 
Here is how much of TeX's memory you used:
 12194 strings out of 474222
 202742 string characters out of 5748733
 1940975 words of memory out of 5000000
 34080 multiletter control sequences out of 15000+600000
 598362 words of font info for 76 fonts, out of 8000000 for 9000
 1141 hyphenation exceptions out of 8191
 90i,20n,93p,1037b,733s stack positions out of 10000i,1000n,20000p,200000b,200000s
</usr/share/texlive/texmf-dist/fonts/type1/urw/courier/ucrr8a.pfb></usr/share
/texlive/texmf-dist/fonts/type1/urw/times/utmb8a.pfb></usr/share/texlive/texmf-
dist/fonts/type1/urw/times/utmr8a.pfb></usr/share/texlive/texmf-dist/fonts/type
1/urw/times/utmri8a.pfb>
Output written on instrument_tutorial.pdf (37 pages, 11906486 bytes).
PDF statistics:
 518 PDF objects out of 1000 (max. 8388607)
 432 compressed objects within 5 object streams
 118 named destinations out of 1000 (max. 500000)
 359 words of extra memory for PDF output out of 10000 (max. 10000000)

